date: 2013-09-02 21:36:24.738
argv: node C:\Users\liuji\AppData\Roaming\npm\node_modules\hexo\bin\hexo generate
os: Windows_NT 6.1.7601 win32 x64
version:
  hexo: 2.0.6
  http_parser: 1.0
  node: 0.10.13
  v8: 3.14.5.9
  ares: 1.9.0-DEV
  uv: 0.10.12
  zlib: 1.2.3
  modules: 11
  openssl: 1.0.1e
---

[debug] 21:36:23.221 Configuration file load successfully
[debug] 21:36:23.228 Plugin loaded successfully: hexo-generator-feed
[debug] 21:36:23.755 Plugin loaded successfully: hexo-migrator-wordpress
[debug] 21:36:23.756 Version info checked successfully
[debug] 21:36:23.757 Loading the database...
[debug] 21:36:24.189 Theme layout loaded
[debug] 21:36:24.196 Theme configuration loaded
[debug] 21:36:24.216 Processed: CNAME
[debug] 21:36:24.253 Theme source loaded
[debug] 21:36:24.264 Theme i18n loaded
[debug] 21:36:24.273 Processed: about/index.md
[debug] 21:36:24.277 Processed: _posts/hello-world.md
[debug] 21:36:24.285 Processed: _posts/htc-one-半月谈.md
[debug] 21:36:24.289 Processed: _posts/jim-plays.md
[debug] 21:36:24.294 Processed: _posts/sony-nex-6入手初评.md
[debug] 21:36:24.298 Processed: _posts/《黑客与画家》-文摘.md
[debug] 21:36:24.302 Processed: _posts/伪howto如何写简历.md
[debug] 21:36:24.304 Processed: feedback/index.md
[debug] 21:36:24.306 Processed: _posts/博客header图片.md
[debug] 21:36:24.310 Processed: _posts/我眼中那些（因为滥用）而被毁掉的警句.md
[debug] 21:36:24.316 Processed: _posts/我这6年来的成长与倒退，暨《黑客与画家》读后感.md
[debug] 21:36:24.320 Processed: _posts/话痨的生日.md
[debug] 21:36:24.449 Cache saved
[info] 21:36:24.450 Files loaded in 0.290s
[debug] 21:36:24.460 Public folder not exists. No need to clear public folder.
[debug] 21:36:24.465 Render archive: archives/
[debug] 21:36:24.466 Render archive: archives/2012/
[debug] 21:36:24.466 Render archive: archives/2012/03/
[debug] 21:36:24.466 Render archive: archives/2012/06/
[debug] 21:36:24.466 Render archive: archives/2012/08/
[debug] 21:36:24.466 Render archive: archives/2012/09/
[debug] 21:36:24.466 Render archive: archives/2012/10/
[debug] 21:36:24.466 Render archive: archives/2013/
[debug] 21:36:24.466 Render archive: archives/2013/03/
[debug] 21:36:24.466 Render archive: archives/2013/08/
[debug] 21:36:24.466 Render index: 
[debug] 21:36:24.466 Render page: about/index.html
[debug] 21:36:24.466 Render page: feedback/index.html
[debug] 21:36:24.466 Render post: 2013/08/31/htc-one-半月谈/
[debug] 21:36:24.466 Render post: 2013/03/02/sony-nex-6入手初评/
[debug] 21:36:24.466 Render post: 2012/10/16/伪howto如何写简历/
[debug] 21:36:24.466 Render post: 2012/09/26/我这6年来的成长与倒退，暨《黑客与画家》读后感/
[debug] 21:36:24.471 Render post: 2012/09/25/《黑客与画家》-文摘/
[debug] 21:36:24.473 Render post: 2012/09/07/jim-plays/
[debug] 21:36:24.473 Render post: 2012/08/24/话痨的生日/
[debug] 21:36:24.473 Render post: 2012/06/02/我眼中那些（因为滥用）而被毁掉的警句/
[debug] 21:36:24.473 Render post: 2012/03/15/博客header图片/
[debug] 21:36:24.473 Render post: 2012/03/05/hello-world/
[debug] 21:36:24.473 Render tag: tags/未分类/
[debug] 21:36:24.473 Render tag: tags/站着说话不腰疼/
[debug] 21:36:24.474 Render tag: tags/音乐/
[debug] 21:36:24.474 Render tag: tags/生活/
[debug] 21:36:24.474 Render tag: tags/影像/
[debug] 21:36:24.474 Render tag: tags/编程/
[error] 21:36:24.733 HexoError: Render failed: about/index.html
ReferenceError: D:\Play Src\hexo-life\themes\light\layout\page.ejs:3
    1| <%- partial('_partial/article', {item: page, index: false}) %>
    2| 
 >> 3| <%- partial('_partial/duoshuo') %>

D:\Play Src\hexo-life\themes\light\layout\_partial\duoshuo.ejs:2
    1| <!-- Duoshuo Comment BEGIN -->
 >> 2| <div class="ds-thread" data-title="<%= item.title %>"></div>
    3| <script type="text/javascript">
    4| var duoshuoQuery = {short_name:"jimliu-life"};
    5| (function() {

item is not defined
    at eval (eval at <anonymous> (C:\Users\liuji\AppData\Roaming\npm\node_modules\hexo\node_modules\ejs\lib\ejs.js:236:14), <anonymous>:29:109)
    at eval (eval at <anonymous> (C:\Users\liuji\AppData\Roaming\npm\node_modules\hexo\node_modules\ejs\lib\ejs.js:236:14), <anonymous>:29:587)
    at C:\Users\liuji\AppData\Roaming\npm\node_modules\hexo\node_modules\ejs\lib\ejs.js:249:15
    at Object.exports.render (C:\Users\liuji\AppData\Roaming\npm\node_modules\hexo\node_modules\ejs\lib\ejs.js:287:13)
    at Object.module.exports [as ejs] (C:\Users\liuji\AppData\Roaming\npm\node_modules\hexo\lib\plugins\renderer\ejs.js:5:14)
    at Object.exports.renderSync (C:\Users\liuji\AppData\Roaming\npm\node_modules\hexo\lib\render.js:143:29)
    at render (C:\Users\liuji\AppData\Roaming\npm\node_modules\hexo\lib\plugins\helper\partial.js:28:22)
    at Object.module.exports [as partial] (C:\Users\liuji\AppData\Roaming\npm\node_modules\hexo\lib\plugins\helper\partial.js:41:12)
    at eval (eval at <anonymous> (C:\Users\liuji\AppData\Roaming\npm\node_modules\hexo\node_modules\ejs\lib\ejs.js:236:14), <anonymous>:29:122)
    at eval (eval at <anonymous> (C:\Users\liuji\AppData\Roaming\npm\node_modules\hexo\node_modules\ejs\lib\ejs.js:236:14), <anonymous>:29:160)

[error] 21:36:24.743 HexoError: Render failed: feedback/index.html
ReferenceError: D:\Play Src\hexo-life\themes\light\layout\page.ejs:3
    1| <%- partial('_partial/article', {item: page, index: false}) %>
    2| 
 >> 3| <%- partial('_partial/duoshuo') %>

D:\Play Src\hexo-life\themes\light\layout\_partial\duoshuo.ejs:2
    1| <!-- Duoshuo Comment BEGIN -->
 >> 2| <div class="ds-thread" data-title="<%= item.title %>"></div>
    3| <script type="text/javascript">
    4| var duoshuoQuery = {short_name:"jimliu-life"};
    5| (function() {

item is not defined
    at eval (eval at <anonymous> (C:\Users\liuji\AppData\Roaming\npm\node_modules\hexo\node_modules\ejs\lib\ejs.js:236:14), <anonymous>:29:109)
    at eval (eval at <anonymous> (C:\Users\liuji\AppData\Roaming\npm\node_modules\hexo\node_modules\ejs\lib\ejs.js:236:14), <anonymous>:29:587)
    at C:\Users\liuji\AppData\Roaming\npm\node_modules\hexo\node_modules\ejs\lib\ejs.js:249:15
    at Object.exports.render (C:\Users\liuji\AppData\Roaming\npm\node_modules\hexo\node_modules\ejs\lib\ejs.js:287:13)
    at Object.module.exports [as ejs] (C:\Users\liuji\AppData\Roaming\npm\node_modules\hexo\lib\plugins\renderer\ejs.js:5:14)
    at Object.exports.renderSync (C:\Users\liuji\AppData\Roaming\npm\node_modules\hexo\lib\render.js:143:29)
    at render (C:\Users\liuji\AppData\Roaming\npm\node_modules\hexo\lib\plugins\helper\partial.js:28:22)
    at Object.module.exports [as partial] (C:\Users\liuji\AppData\Roaming\npm\node_modules\hexo\lib\plugins\helper\partial.js:41:12)
    at eval (eval at <anonymous> (C:\Users\liuji\AppData\Roaming\npm\node_modules\hexo\node_modules\ejs\lib\ejs.js:236:14), <anonymous>:29:122)
    at eval (eval at <anonymous> (C:\Users\liuji\AppData\Roaming\npm\node_modules\hexo\node_modules\ejs\lib\ejs.js:236:14), <anonymous>:29:160)
[debug] 21:36:23.221 Configuration file load successfully
[debug] 21:36:23.228 Plugin loaded successfully: hexo-generator-feed
[debug] 21:36:23.755 Plugin loaded successfully: hexo-migrator-wordpress
[debug] 21:36:23.756 Version info checked successfully
[debug] 21:36:23.757 Loading the database...
[debug] 21:36:24.189 Theme layout loaded
[debug] 21:36:24.196 Theme configuration loaded
[debug] 21:36:24.216 Processed: CNAME
[debug] 21:36:24.253 Theme source loaded
[debug] 21:36:24.264 Theme i18n loaded
[debug] 21:36:24.273 Processed: about/index.md
[debug] 21:36:24.277 Processed: _posts/hello-world.md
[debug] 21:36:24.285 Processed: _posts/htc-one-半月谈.md
[debug] 21:36:24.289 Processed: _posts/jim-plays.md
[debug] 21:36:24.294 Processed: _posts/sony-nex-6入手初评.md
[debug] 21:36:24.298 Processed: _posts/《黑客与画家》-文摘.md
[debug] 21:36:24.302 Processed: _posts/伪howto如何写简历.md
[debug] 21:36:24.304 Processed: feedback/index.md
[debug] 21:36:24.306 Processed: _posts/博客header图片.md
[debug] 21:36:24.310 Processed: _posts/我眼中那些（因为滥用）而被毁掉的警句.md
[debug] 21:36:24.316 Processed: _posts/我这6年来的成长与倒退，暨《黑客与画家》读后感.md
[debug] 21:36:24.320 Processed: _posts/话痨的生日.md
[debug] 21:36:24.449 Cache saved
[info] 21:36:24.450 Files loaded in 0.290s
[debug] 21:36:24.460 Public folder not exists. No need to clear public folder.
[debug] 21:36:24.465 Render archive: archives/
[debug] 21:36:24.466 Render archive: archives/2012/
[debug] 21:36:24.466 Render archive: archives/2012/03/
[debug] 21:36:24.466 Render archive: archives/2012/06/
[debug] 21:36:24.466 Render archive: archives/2012/08/
[debug] 21:36:24.466 Render archive: archives/2012/09/
[debug] 21:36:24.466 Render archive: archives/2012/10/
[debug] 21:36:24.466 Render archive: archives/2013/
[debug] 21:36:24.466 Render archive: archives/2013/03/
[debug] 21:36:24.466 Render archive: archives/2013/08/
[debug] 21:36:24.466 Render index: 
[debug] 21:36:24.466 Render page: about/index.html
[debug] 21:36:24.466 Render page: feedback/index.html
[debug] 21:36:24.466 Render post: 2013/08/31/htc-one-半月谈/
[debug] 21:36:24.466 Render post: 2013/03/02/sony-nex-6入手初评/
[debug] 21:36:24.466 Render post: 2012/10/16/伪howto如何写简历/
[debug] 21:36:24.466 Render post: 2012/09/26/我这6年来的成长与倒退，暨《黑客与画家》读后感/
[debug] 21:36:24.471 Render post: 2012/09/25/《黑客与画家》-文摘/
[debug] 21:36:24.473 Render post: 2012/09/07/jim-plays/
[debug] 21:36:24.473 Render post: 2012/08/24/话痨的生日/
[debug] 21:36:24.473 Render post: 2012/06/02/我眼中那些（因为滥用）而被毁掉的警句/
[debug] 21:36:24.473 Render post: 2012/03/15/博客header图片/
[debug] 21:36:24.473 Render post: 2012/03/05/hello-world/
[debug] 21:36:24.473 Render tag: tags/未分类/
[debug] 21:36:24.473 Render tag: tags/站着说话不腰疼/
[debug] 21:36:24.474 Render tag: tags/音乐/
[debug] 21:36:24.474 Render tag: tags/生活/
[debug] 21:36:24.474 Render tag: tags/影像/
[debug] 21:36:24.474 Render tag: tags/编程/
[error] 21:36:24.733 HexoError: Render failed: about/index.html
ReferenceError: D:\Play Src\hexo-life\themes\light\layout\page.ejs:3
    1| <%- partial('_partial/article', {item: page, index: false}) %>
    2| 
 >> 3| <%- partial('_partial/duoshuo') %>

D:\Play Src\hexo-life\themes\light\layout\_partial\duoshuo.ejs:2
    1| <!-- Duoshuo Comment BEGIN -->
 >> 2| <div class="ds-thread" data-title="<%= item.title %>"></div>
    3| <script type="text/javascript">
    4| var duoshuoQuery = {short_name:"jimliu-life"};
    5| (function() {

item is not defined
    at eval (eval at <anonymous> (C:\Users\liuji\AppData\Roaming\npm\node_modules\hexo\node_modules\ejs\lib\ejs.js:236:14), <anonymous>:29:109)
    at eval (eval at <anonymous> (C:\Users\liuji\AppData\Roaming\npm\node_modules\hexo\node_modules\ejs\lib\ejs.js:236:14), <anonymous>:29:587)
    at C:\Users\liuji\AppData\Roaming\npm\node_modules\hexo\node_modules\ejs\lib\ejs.js:249:15
    at Object.exports.render (C:\Users\liuji\AppData\Roaming\npm\node_modules\hexo\node_modules\ejs\lib\ejs.js:287:13)
    at Object.module.exports [as ejs] (C:\Users\liuji\AppData\Roaming\npm\node_modules\hexo\lib\plugins\renderer\ejs.js:5:14)
    at Object.exports.renderSync (C:\Users\liuji\AppData\Roaming\npm\node_modules\hexo\lib\render.js:143:29)
    at render (C:\Users\liuji\AppData\Roaming\npm\node_modules\hexo\lib\plugins\helper\partial.js:28:22)
    at Object.module.exports [as partial] (C:\Users\liuji\AppData\Roaming\npm\node_modules\hexo\lib\plugins\helper\partial.js:41:12)
    at eval (eval at <anonymous> (C:\Users\liuji\AppData\Roaming\npm\node_modules\hexo\node_modules\ejs\lib\ejs.js:236:14), <anonymous>:29:122)
    at eval (eval at <anonymous> (C:\Users\liuji\AppData\Roaming\npm\node_modules\hexo\node_modules\ejs\lib\ejs.js:236:14), <anonymous>:29:160)

[error] 21:36:24.743 HexoError: Render failed: feedback/index.html
ReferenceError: D:\Play Src\hexo-life\themes\light\layout\page.ejs:3
    1| <%- partial('_partial/article', {item: page, index: false}) %>
    2| 
 >> 3| <%- partial('_partial/duoshuo') %>

D:\Play Src\hexo-life\themes\light\layout\_partial\duoshuo.ejs:2
    1| <!-- Duoshuo Comment BEGIN -->
 >> 2| <div class="ds-thread" data-title="<%= item.title %>"></div>
    3| <script type="text/javascript">
    4| var duoshuoQuery = {short_name:"jimliu-life"};
    5| (function() {

item is not defined
    at eval (eval at <anonymous> (C:\Users\liuji\AppData\Roaming\npm\node_modules\hexo\node_modules\ejs\lib\ejs.js:236:14), <anonymous>:29:109)
    at eval (eval at <anonymous> (C:\Users\liuji\AppData\Roaming\npm\node_modules\hexo\node_modules\ejs\lib\ejs.js:236:14), <anonymous>:29:587)
    at C:\Users\liuji\AppData\Roaming\npm\node_modules\hexo\node_modules\ejs\lib\ejs.js:249:15
    at Object.exports.render (C:\Users\liuji\AppData\Roaming\npm\node_modules\hexo\node_modules\ejs\lib\ejs.js:287:13)
    at Object.module.exports [as ejs] (C:\Users\liuji\AppData\Roaming\npm\node_modules\hexo\lib\plugins\renderer\ejs.js:5:14)
    at Object.exports.renderSync (C:\Users\liuji\AppData\Roaming\npm\node_modules\hexo\lib\render.js:143:29)
    at render (C:\Users\liuji\AppData\Roaming\npm\node_modules\hexo\lib\plugins\helper\partial.js:28:22)
    at Object.module.exports [as partial] (C:\Users\liuji\AppData\Roaming\npm\node_modules\hexo\lib\plugins\helper\partial.js:41:12)
    at eval (eval at <anonymous> (C:\Users\liuji\AppData\Roaming\npm\node_modules\hexo\node_modules\ejs\lib\ejs.js:236:14), <anonymous>:29:122)
    at eval (eval at <anonymous> (C:\Users\liuji\AppData\Roaming\npm\node_modules\hexo\node_modules\ejs\lib\ejs.js:236:14), <anonymous>:29:160)
[update] 21:36:32.837 Theme layout: post
[update] 21:36:33.853 Theme layout: post
[debug] 21:36:54.462 Render page: about/index.html
[error] 21:36:54.470 ReferenceError: D:\Play Src\hexo-life\themes\light\layout\page.ejs:3
    1| <%- partial('_partial/article', {item: page, index: false}) %>
    2| 
 >> 3| <%- partial('_partial/duoshuo') %>

D:\Play Src\hexo-life\themes\light\layout\_partial\duoshuo.ejs:2
    1| <!-- Duoshuo Comment BEGIN -->
 >> 2| <div class="ds-thread" data-title="<%= item.title %>"></div>
    3| <script type="text/javascript">
    4| var duoshuoQuery = {short_name:"jimliu-life"};
    5| (function() {

item is not defined
ReferenceError: D:\Play Src\hexo-life\themes\light\layout\page.ejs:3
    1| <%- partial('_partial/article', {item: page, index: false}) %>
    2| 
 >> 3| <%- partial('_partial/duoshuo') %>

D:\Play Src\hexo-life\themes\light\layout\_partial\duoshuo.ejs:2
    1| <!-- Duoshuo Comment BEGIN -->
 >> 2| <div class="ds-thread" data-title="<%= item.title %>"></div>
    3| <script type="text/javascript">
    4| var duoshuoQuery = {short_name:"jimliu-life"};
    5| (function() {

item is not defined
    at eval (eval at <anonymous> (C:\Users\liuji\AppData\Roaming\npm\node_modules\hexo\node_modules\ejs\lib\ejs.js:236:14), <anonymous>:29:109)
    at eval (eval at <anonymous> (C:\Users\liuji\AppData\Roaming\npm\node_modules\hexo\node_modules\ejs\lib\ejs.js:236:14), <anonymous>:29:587)
    at C:\Users\liuji\AppData\Roaming\npm\node_modules\hexo\node_modules\ejs\lib\ejs.js:249:15
    at Object.exports.render (C:\Users\liuji\AppData\Roaming\npm\node_modules\hexo\node_modules\ejs\lib\ejs.js:287:13)
    at Object.module.exports [as ejs] (C:\Users\liuji\AppData\Roaming\npm\node_modules\hexo\lib\plugins\renderer\ejs.js:5:14)
    at Object.exports.renderSync (C:\Users\liuji\AppData\Roaming\npm\node_modules\hexo\lib\render.js:143:29)
    at render (C:\Users\liuji\AppData\Roaming\npm\node_modules\hexo\lib\plugins\helper\partial.js:28:22)
    at Object.module.exports [as partial] (C:\Users\liuji\AppData\Roaming\npm\node_modules\hexo\lib\plugins\helper\partial.js:41:12)
    at eval (eval at <anonymous> (C:\Users\liuji\AppData\Roaming\npm\node_modules\hexo\node_modules\ejs\lib\ejs.js:236:14), <anonymous>:29:122)
    at eval (eval at <anonymous> (C:\Users\liuji\AppData\Roaming\npm\node_modules\hexo\node_modules\ejs\lib\ejs.js:236:14), <anonymous>:29:160)

[update] 21:37:04.289 Theme layout: page
[debug] 21:37:05.709 Render post: 2013/08/31/htc-one-半月谈/
[debug] 21:37:06.858 Render page: about/index.html
[debug] 21:37:09.488 Render page: feedback/index.html
[debug] 21:37:11.090 Render index: 
[debug] 21:39:52.096 Render index: 
[debug] 21:39:55.080 Render post: 2013/08/31/htc-one-半月谈/
[debug] 21:43:14.995 Render post: 2013/08/31/htc-one-半月谈/
[debug] 21:43:22.731 Render page: about/index.html
[debug] 21:44:04.399 Render page: about/index.html
[debug] 21:44:08.642 Render index: 
[debug] 21:44:10.230 Render post: 2013/08/31/htc-one-半月谈/
[debug] 21:45:08.334 Render page: about/index.html
[debug] 21:48:19.071 Render page: about/index.html
[debug] 21:48:21.708 Render index: 
[debug] 21:49:23.436 Render post: 2013/08/31/htc-one-半月谈/
[debug] 21:51:47.156 Render post: 2013/08/31/htc-one-半月谈/
[update] 21:59:03.805 Source: CNAME
[debug] 21:59:03.932 Processed: CNAME
[debug] 21:59:03.996 Cache saved
